[debug] [2024-05-02T05:38:15.806Z] ----------------------------------------------------------------------
[debug] [2024-05-02T05:38:15.809Z] Command:       C:\Program Files\nodejs\node.exe C:\Users\it41\AppData\Roaming\npm\node_modules\firebase-tools\lib\bin\firebase.js deploy
[debug] [2024-05-02T05:38:15.809Z] CLI Version:   13.0.3
[debug] [2024-05-02T05:38:15.810Z] Platform:      win32
[debug] [2024-05-02T05:38:15.810Z] Node Version:  v20.10.0
[debug] [2024-05-02T05:38:15.810Z] Time:          Thu May 02 2024 11:08:15 GMT+0530 (India Standard Time)
[debug] [2024-05-02T05:38:15.810Z] ----------------------------------------------------------------------
[debug] 
[debug] [2024-05-02T05:38:15.887Z] > command requires scopes: ["email","openid","https://www.googleapis.com/auth/cloudplatformprojects.readonly","https://www.googleapis.com/auth/firebase","https://www.googleapis.com/auth/cloud-platform"]
[debug] [2024-05-02T05:38:15.887Z] > authorizing via signed-in user (harsh.rajbhar@yamatech.in)
[debug] [2024-05-02T05:38:15.888Z] [iam] checking project prime-ng-components for permissions ["firebase.projects.get","firebasehosting.sites.update"]
[debug] [2024-05-02T05:38:15.889Z] > refreshing access token with scopes: []
[debug] [2024-05-02T05:38:15.891Z] >>> [apiv2][query] POST https://www.googleapis.com/oauth2/v3/token [none]
[debug] [2024-05-02T05:38:15.891Z] >>> [apiv2][body] POST https://www.googleapis.com/oauth2/v3/token [omitted]
[debug] [2024-05-02T05:38:16.199Z] <<< [apiv2][status] POST https://www.googleapis.com/oauth2/v3/token 200
[debug] [2024-05-02T05:38:16.200Z] <<< [apiv2][body] POST https://www.googleapis.com/oauth2/v3/token [omitted]
[debug] [2024-05-02T05:38:16.212Z] >>> [apiv2][query] POST https://cloudresourcemanager.googleapis.com/v1/projects/prime-ng-components:testIamPermissions [none]
[debug] [2024-05-02T05:38:16.212Z] >>> [apiv2][(partial)header] POST https://cloudresourcemanager.googleapis.com/v1/projects/prime-ng-components:testIamPermissions x-goog-quota-user=projects/prime-ng-components
[debug] [2024-05-02T05:38:16.212Z] >>> [apiv2][body] POST https://cloudresourcemanager.googleapis.com/v1/projects/prime-ng-components:testIamPermissions {"permissions":["firebase.projects.get","firebasehosting.sites.update"]}
[debug] [2024-05-02T05:38:17.819Z] <<< [apiv2][status] POST https://cloudresourcemanager.googleapis.com/v1/projects/prime-ng-components:testIamPermissions 200
[debug] [2024-05-02T05:38:17.820Z] <<< [apiv2][body] POST https://cloudresourcemanager.googleapis.com/v1/projects/prime-ng-components:testIamPermissions {"permissions":["firebase.projects.get","firebasehosting.sites.update"]}
[debug] [2024-05-02T05:38:17.820Z] >>> [apiv2][query] GET https://firebase.googleapis.com/v1beta1/projects/prime-ng-components [none]
[debug] [2024-05-02T05:38:18.377Z] <<< [apiv2][status] GET https://firebase.googleapis.com/v1beta1/projects/prime-ng-components 200
[debug] [2024-05-02T05:38:18.377Z] <<< [apiv2][body] GET https://firebase.googleapis.com/v1beta1/projects/prime-ng-components {"projectId":"prime-ng-components","projectNumber":"331652555666","displayName":"Prime-ng","name":"projects/prime-ng-components","resources":{"hostingSite":"prime-ng-components"},"state":"ACTIVE","etag":"1_16a3938e-9a1e-4924-b073-7fcbbcac5e41"}
[info] 
[info] === Deploying to 'prime-ng-components'...
[info] 
[info] i  deploying hosting 
[info] Running command: npm run build
